[2024-08-17T06:14:02.753+0000] {processor.py:157} INFO - Started process (PID=38) to work on /opt/airflow/dags/etl_dag.py
[2024-08-17T06:14:02.754+0000] {processor.py:829} INFO - Processing file /opt/airflow/dags/etl_dag.py for tasks to queue
[2024-08-17T06:14:02.756+0000] {logging_mixin.py:151} INFO - [2024-08-17T06:14:02.756+0000] {dagbag.py:539} INFO - Filling up the DagBag from /opt/airflow/dags/etl_dag.py
[2024-08-17T06:14:02.776+0000] {processor.py:839} INFO - DAG(s) dict_keys(['postgres_to_bigquery']) retrieved from /opt/airflow/dags/etl_dag.py
[2024-08-17T06:14:02.785+0000] {logging_mixin.py:151} INFO - [2024-08-17T06:14:02.785+0000] {dag.py:2915} INFO - Sync 1 DAGs
[2024-08-17T06:14:02.793+0000] {logging_mixin.py:151} INFO - [2024-08-17T06:14:02.793+0000] {dag.py:3696} INFO - Setting next_dagrun for postgres_to_bigquery to None, run_after=None
[2024-08-17T06:14:02.806+0000] {processor.py:179} INFO - Processing /opt/airflow/dags/etl_dag.py took 0.055 seconds
[2024-08-17T06:14:33.055+0000] {processor.py:157} INFO - Started process (PID=46) to work on /opt/airflow/dags/etl_dag.py
[2024-08-17T06:14:33.056+0000] {processor.py:829} INFO - Processing file /opt/airflow/dags/etl_dag.py for tasks to queue
[2024-08-17T06:14:33.061+0000] {logging_mixin.py:151} INFO - [2024-08-17T06:14:33.061+0000] {dagbag.py:539} INFO - Filling up the DagBag from /opt/airflow/dags/etl_dag.py
[2024-08-17T06:14:33.086+0000] {processor.py:839} INFO - DAG(s) dict_keys(['postgres_to_bigquery']) retrieved from /opt/airflow/dags/etl_dag.py
[2024-08-17T06:14:33.114+0000] {logging_mixin.py:151} INFO - [2024-08-17T06:14:33.114+0000] {dag.py:2915} INFO - Sync 1 DAGs
[2024-08-17T06:14:33.121+0000] {logging_mixin.py:151} INFO - [2024-08-17T06:14:33.121+0000] {dag.py:3696} INFO - Setting next_dagrun for postgres_to_bigquery to None, run_after=None
[2024-08-17T06:14:33.130+0000] {processor.py:179} INFO - Processing /opt/airflow/dags/etl_dag.py took 0.080 seconds
[2024-08-17T06:15:03.385+0000] {processor.py:157} INFO - Started process (PID=54) to work on /opt/airflow/dags/etl_dag.py
[2024-08-17T06:15:03.386+0000] {processor.py:829} INFO - Processing file /opt/airflow/dags/etl_dag.py for tasks to queue
[2024-08-17T06:15:03.391+0000] {logging_mixin.py:151} INFO - [2024-08-17T06:15:03.391+0000] {dagbag.py:539} INFO - Filling up the DagBag from /opt/airflow/dags/etl_dag.py
[2024-08-17T06:15:03.417+0000] {processor.py:839} INFO - DAG(s) dict_keys(['postgres_to_bigquery']) retrieved from /opt/airflow/dags/etl_dag.py
[2024-08-17T06:15:03.440+0000] {logging_mixin.py:151} INFO - [2024-08-17T06:15:03.439+0000] {dag.py:2915} INFO - Sync 1 DAGs
[2024-08-17T06:15:03.448+0000] {logging_mixin.py:151} INFO - [2024-08-17T06:15:03.448+0000] {dag.py:3696} INFO - Setting next_dagrun for postgres_to_bigquery to None, run_after=None
[2024-08-17T06:15:03.457+0000] {processor.py:179} INFO - Processing /opt/airflow/dags/etl_dag.py took 0.077 seconds
[2024-08-17T06:15:33.705+0000] {processor.py:157} INFO - Started process (PID=62) to work on /opt/airflow/dags/etl_dag.py
[2024-08-17T06:15:33.707+0000] {processor.py:829} INFO - Processing file /opt/airflow/dags/etl_dag.py for tasks to queue
[2024-08-17T06:15:33.712+0000] {logging_mixin.py:151} INFO - [2024-08-17T06:15:33.711+0000] {dagbag.py:539} INFO - Filling up the DagBag from /opt/airflow/dags/etl_dag.py
[2024-08-17T06:15:33.737+0000] {processor.py:839} INFO - DAG(s) dict_keys(['postgres_to_bigquery']) retrieved from /opt/airflow/dags/etl_dag.py
[2024-08-17T06:15:33.762+0000] {logging_mixin.py:151} INFO - [2024-08-17T06:15:33.762+0000] {dag.py:2915} INFO - Sync 1 DAGs
[2024-08-17T06:15:33.770+0000] {logging_mixin.py:151} INFO - [2024-08-17T06:15:33.769+0000] {dag.py:3696} INFO - Setting next_dagrun for postgres_to_bigquery to None, run_after=None
[2024-08-17T06:15:33.778+0000] {processor.py:179} INFO - Processing /opt/airflow/dags/etl_dag.py took 0.079 seconds
[2024-08-17T06:16:04.062+0000] {processor.py:157} INFO - Started process (PID=70) to work on /opt/airflow/dags/etl_dag.py
[2024-08-17T06:16:04.063+0000] {processor.py:829} INFO - Processing file /opt/airflow/dags/etl_dag.py for tasks to queue
[2024-08-17T06:16:04.067+0000] {logging_mixin.py:151} INFO - [2024-08-17T06:16:04.067+0000] {dagbag.py:539} INFO - Filling up the DagBag from /opt/airflow/dags/etl_dag.py
[2024-08-17T06:16:04.088+0000] {processor.py:839} INFO - DAG(s) dict_keys(['postgres_to_bigquery']) retrieved from /opt/airflow/dags/etl_dag.py
[2024-08-17T06:16:04.113+0000] {logging_mixin.py:151} INFO - [2024-08-17T06:16:04.113+0000] {dag.py:2915} INFO - Sync 1 DAGs
[2024-08-17T06:16:04.122+0000] {logging_mixin.py:151} INFO - [2024-08-17T06:16:04.122+0000] {dag.py:3696} INFO - Setting next_dagrun for postgres_to_bigquery to None, run_after=None
[2024-08-17T06:16:04.132+0000] {processor.py:179} INFO - Processing /opt/airflow/dags/etl_dag.py took 0.075 seconds
[2024-08-17T06:16:34.391+0000] {processor.py:157} INFO - Started process (PID=78) to work on /opt/airflow/dags/etl_dag.py
[2024-08-17T06:16:34.392+0000] {processor.py:829} INFO - Processing file /opt/airflow/dags/etl_dag.py for tasks to queue
[2024-08-17T06:16:34.397+0000] {logging_mixin.py:151} INFO - [2024-08-17T06:16:34.396+0000] {dagbag.py:539} INFO - Filling up the DagBag from /opt/airflow/dags/etl_dag.py
[2024-08-17T06:16:34.419+0000] {processor.py:839} INFO - DAG(s) dict_keys(['postgres_to_bigquery']) retrieved from /opt/airflow/dags/etl_dag.py
[2024-08-17T06:16:34.443+0000] {logging_mixin.py:151} INFO - [2024-08-17T06:16:34.443+0000] {dag.py:2915} INFO - Sync 1 DAGs
[2024-08-17T06:16:34.451+0000] {logging_mixin.py:151} INFO - [2024-08-17T06:16:34.451+0000] {dag.py:3696} INFO - Setting next_dagrun for postgres_to_bigquery to None, run_after=None
[2024-08-17T06:16:34.460+0000] {processor.py:179} INFO - Processing /opt/airflow/dags/etl_dag.py took 0.074 seconds
[2024-08-17T06:17:04.740+0000] {processor.py:157} INFO - Started process (PID=85) to work on /opt/airflow/dags/etl_dag.py
[2024-08-17T06:17:04.741+0000] {processor.py:829} INFO - Processing file /opt/airflow/dags/etl_dag.py for tasks to queue
[2024-08-17T06:17:04.744+0000] {logging_mixin.py:151} INFO - [2024-08-17T06:17:04.743+0000] {dagbag.py:539} INFO - Filling up the DagBag from /opt/airflow/dags/etl_dag.py
[2024-08-17T06:17:04.762+0000] {processor.py:839} INFO - DAG(s) dict_keys(['postgres_to_bigquery']) retrieved from /opt/airflow/dags/etl_dag.py
[2024-08-17T06:17:04.792+0000] {logging_mixin.py:151} INFO - [2024-08-17T06:17:04.792+0000] {dag.py:2915} INFO - Sync 1 DAGs
[2024-08-17T06:17:04.800+0000] {logging_mixin.py:151} INFO - [2024-08-17T06:17:04.800+0000] {dag.py:3696} INFO - Setting next_dagrun for postgres_to_bigquery to None, run_after=None
[2024-08-17T06:17:04.810+0000] {processor.py:179} INFO - Processing /opt/airflow/dags/etl_dag.py took 0.072 seconds
[2024-08-17T06:17:35.072+0000] {processor.py:157} INFO - Started process (PID=93) to work on /opt/airflow/dags/etl_dag.py
[2024-08-17T06:17:35.073+0000] {processor.py:829} INFO - Processing file /opt/airflow/dags/etl_dag.py for tasks to queue
[2024-08-17T06:17:35.078+0000] {logging_mixin.py:151} INFO - [2024-08-17T06:17:35.077+0000] {dagbag.py:539} INFO - Filling up the DagBag from /opt/airflow/dags/etl_dag.py
[2024-08-17T06:17:35.101+0000] {processor.py:839} INFO - DAG(s) dict_keys(['postgres_to_bigquery']) retrieved from /opt/airflow/dags/etl_dag.py
[2024-08-17T06:17:35.126+0000] {logging_mixin.py:151} INFO - [2024-08-17T06:17:35.125+0000] {dag.py:2915} INFO - Sync 1 DAGs
[2024-08-17T06:17:35.134+0000] {logging_mixin.py:151} INFO - [2024-08-17T06:17:35.134+0000] {dag.py:3696} INFO - Setting next_dagrun for postgres_to_bigquery to None, run_after=None
[2024-08-17T06:17:35.143+0000] {processor.py:179} INFO - Processing /opt/airflow/dags/etl_dag.py took 0.077 seconds
[2024-08-17T06:18:05.426+0000] {processor.py:157} INFO - Started process (PID=101) to work on /opt/airflow/dags/etl_dag.py
[2024-08-17T06:18:05.428+0000] {processor.py:829} INFO - Processing file /opt/airflow/dags/etl_dag.py for tasks to queue
[2024-08-17T06:18:05.430+0000] {logging_mixin.py:151} INFO - [2024-08-17T06:18:05.430+0000] {dagbag.py:539} INFO - Filling up the DagBag from /opt/airflow/dags/etl_dag.py
[2024-08-17T06:18:05.447+0000] {processor.py:839} INFO - DAG(s) dict_keys(['postgres_to_bigquery']) retrieved from /opt/airflow/dags/etl_dag.py
[2024-08-17T06:18:05.471+0000] {logging_mixin.py:151} INFO - [2024-08-17T06:18:05.471+0000] {dag.py:2915} INFO - Sync 1 DAGs
[2024-08-17T06:18:05.481+0000] {logging_mixin.py:151} INFO - [2024-08-17T06:18:05.481+0000] {dag.py:3696} INFO - Setting next_dagrun for postgres_to_bigquery to None, run_after=None
[2024-08-17T06:18:05.496+0000] {processor.py:179} INFO - Processing /opt/airflow/dags/etl_dag.py took 0.072 seconds
[2024-08-17T06:18:35.771+0000] {processor.py:157} INFO - Started process (PID=109) to work on /opt/airflow/dags/etl_dag.py
[2024-08-17T06:18:35.772+0000] {processor.py:829} INFO - Processing file /opt/airflow/dags/etl_dag.py for tasks to queue
[2024-08-17T06:18:35.776+0000] {logging_mixin.py:151} INFO - [2024-08-17T06:18:35.776+0000] {dagbag.py:539} INFO - Filling up the DagBag from /opt/airflow/dags/etl_dag.py
[2024-08-17T06:18:35.811+0000] {processor.py:839} INFO - DAG(s) dict_keys(['postgres_to_bigquery']) retrieved from /opt/airflow/dags/etl_dag.py
[2024-08-17T06:18:35.845+0000] {logging_mixin.py:151} INFO - [2024-08-17T06:18:35.844+0000] {dag.py:2915} INFO - Sync 1 DAGs
[2024-08-17T06:18:35.853+0000] {logging_mixin.py:151} INFO - [2024-08-17T06:18:35.853+0000] {dag.py:3696} INFO - Setting next_dagrun for postgres_to_bigquery to None, run_after=None
[2024-08-17T06:18:35.864+0000] {processor.py:179} INFO - Processing /opt/airflow/dags/etl_dag.py took 0.099 seconds
[2024-08-17T06:19:06.116+0000] {processor.py:157} INFO - Started process (PID=117) to work on /opt/airflow/dags/etl_dag.py
[2024-08-17T06:19:06.117+0000] {processor.py:829} INFO - Processing file /opt/airflow/dags/etl_dag.py for tasks to queue
[2024-08-17T06:19:06.119+0000] {logging_mixin.py:151} INFO - [2024-08-17T06:19:06.119+0000] {dagbag.py:539} INFO - Filling up the DagBag from /opt/airflow/dags/etl_dag.py
[2024-08-17T06:19:06.133+0000] {processor.py:839} INFO - DAG(s) dict_keys(['postgres_to_bigquery']) retrieved from /opt/airflow/dags/etl_dag.py
[2024-08-17T06:19:06.155+0000] {logging_mixin.py:151} INFO - [2024-08-17T06:19:06.155+0000] {dag.py:2915} INFO - Sync 1 DAGs
[2024-08-17T06:19:06.164+0000] {logging_mixin.py:151} INFO - [2024-08-17T06:19:06.164+0000] {dag.py:3696} INFO - Setting next_dagrun for postgres_to_bigquery to None, run_after=None
[2024-08-17T06:19:06.175+0000] {processor.py:179} INFO - Processing /opt/airflow/dags/etl_dag.py took 0.061 seconds
[2024-08-17T06:43:12.072+0000] {processor.py:157} INFO - Started process (PID=39) to work on /opt/airflow/dags/etl_dag.py
[2024-08-17T06:43:12.077+0000] {processor.py:829} INFO - Processing file /opt/airflow/dags/etl_dag.py for tasks to queue
[2024-08-17T06:43:12.087+0000] {logging_mixin.py:151} INFO - [2024-08-17T06:43:12.085+0000] {dagbag.py:539} INFO - Filling up the DagBag from /opt/airflow/dags/etl_dag.py
[2024-08-17T06:43:12.155+0000] {processor.py:839} INFO - DAG(s) dict_keys(['postgres_to_bigquery']) retrieved from /opt/airflow/dags/etl_dag.py
[2024-08-17T06:43:12.204+0000] {logging_mixin.py:151} INFO - [2024-08-17T06:43:12.203+0000] {dag.py:2915} INFO - Sync 1 DAGs
[2024-08-17T06:43:12.218+0000] {logging_mixin.py:151} INFO - [2024-08-17T06:43:12.218+0000] {dag.py:3696} INFO - Setting next_dagrun for postgres_to_bigquery to None, run_after=None
[2024-08-17T06:43:12.262+0000] {processor.py:179} INFO - Processing /opt/airflow/dags/etl_dag.py took 0.195 seconds
[2024-08-17T06:43:42.380+0000] {processor.py:157} INFO - Started process (PID=47) to work on /opt/airflow/dags/etl_dag.py
[2024-08-17T06:43:42.382+0000] {processor.py:829} INFO - Processing file /opt/airflow/dags/etl_dag.py for tasks to queue
[2024-08-17T06:43:42.386+0000] {logging_mixin.py:151} INFO - [2024-08-17T06:43:42.385+0000] {dagbag.py:539} INFO - Filling up the DagBag from /opt/airflow/dags/etl_dag.py
[2024-08-17T06:43:42.408+0000] {processor.py:839} INFO - DAG(s) dict_keys(['postgres_to_bigquery']) retrieved from /opt/airflow/dags/etl_dag.py
[2024-08-17T06:43:42.434+0000] {logging_mixin.py:151} INFO - [2024-08-17T06:43:42.434+0000] {dag.py:2915} INFO - Sync 1 DAGs
[2024-08-17T06:43:42.442+0000] {logging_mixin.py:151} INFO - [2024-08-17T06:43:42.442+0000] {dag.py:3696} INFO - Setting next_dagrun for postgres_to_bigquery to None, run_after=None
[2024-08-17T06:43:42.452+0000] {processor.py:179} INFO - Processing /opt/airflow/dags/etl_dag.py took 0.078 seconds
[2024-08-17T06:44:12.731+0000] {processor.py:157} INFO - Started process (PID=55) to work on /opt/airflow/dags/etl_dag.py
[2024-08-17T06:44:12.733+0000] {processor.py:829} INFO - Processing file /opt/airflow/dags/etl_dag.py for tasks to queue
[2024-08-17T06:44:12.738+0000] {logging_mixin.py:151} INFO - [2024-08-17T06:44:12.737+0000] {dagbag.py:539} INFO - Filling up the DagBag from /opt/airflow/dags/etl_dag.py
[2024-08-17T06:44:12.762+0000] {processor.py:839} INFO - DAG(s) dict_keys(['postgres_to_bigquery']) retrieved from /opt/airflow/dags/etl_dag.py
[2024-08-17T06:44:12.787+0000] {logging_mixin.py:151} INFO - [2024-08-17T06:44:12.786+0000] {dag.py:2915} INFO - Sync 1 DAGs
[2024-08-17T06:44:12.795+0000] {logging_mixin.py:151} INFO - [2024-08-17T06:44:12.795+0000] {dag.py:3696} INFO - Setting next_dagrun for postgres_to_bigquery to None, run_after=None
[2024-08-17T06:44:12.804+0000] {processor.py:179} INFO - Processing /opt/airflow/dags/etl_dag.py took 0.078 seconds
[2024-08-17T06:44:43.052+0000] {processor.py:157} INFO - Started process (PID=63) to work on /opt/airflow/dags/etl_dag.py
[2024-08-17T06:44:43.052+0000] {processor.py:829} INFO - Processing file /opt/airflow/dags/etl_dag.py for tasks to queue
[2024-08-17T06:44:43.054+0000] {logging_mixin.py:151} INFO - [2024-08-17T06:44:43.054+0000] {dagbag.py:539} INFO - Filling up the DagBag from /opt/airflow/dags/etl_dag.py
[2024-08-17T06:44:43.070+0000] {processor.py:839} INFO - DAG(s) dict_keys(['postgres_to_bigquery']) retrieved from /opt/airflow/dags/etl_dag.py
[2024-08-17T06:44:43.093+0000] {logging_mixin.py:151} INFO - [2024-08-17T06:44:43.093+0000] {dag.py:2915} INFO - Sync 1 DAGs
[2024-08-17T06:44:43.101+0000] {logging_mixin.py:151} INFO - [2024-08-17T06:44:43.101+0000] {dag.py:3696} INFO - Setting next_dagrun for postgres_to_bigquery to None, run_after=None
[2024-08-17T06:44:43.110+0000] {processor.py:179} INFO - Processing /opt/airflow/dags/etl_dag.py took 0.060 seconds
[2024-08-17T06:45:13.407+0000] {processor.py:157} INFO - Started process (PID=71) to work on /opt/airflow/dags/etl_dag.py
[2024-08-17T06:45:13.408+0000] {processor.py:829} INFO - Processing file /opt/airflow/dags/etl_dag.py for tasks to queue
[2024-08-17T06:45:13.411+0000] {logging_mixin.py:151} INFO - [2024-08-17T06:45:13.410+0000] {dagbag.py:539} INFO - Filling up the DagBag from /opt/airflow/dags/etl_dag.py
[2024-08-17T06:45:13.428+0000] {processor.py:839} INFO - DAG(s) dict_keys(['postgres_to_bigquery']) retrieved from /opt/airflow/dags/etl_dag.py
[2024-08-17T06:45:13.454+0000] {logging_mixin.py:151} INFO - [2024-08-17T06:45:13.454+0000] {dag.py:2915} INFO - Sync 1 DAGs
[2024-08-17T06:45:13.464+0000] {logging_mixin.py:151} INFO - [2024-08-17T06:45:13.464+0000] {dag.py:3696} INFO - Setting next_dagrun for postgres_to_bigquery to None, run_after=None
[2024-08-17T06:45:13.476+0000] {processor.py:179} INFO - Processing /opt/airflow/dags/etl_dag.py took 0.072 seconds
[2024-08-17T06:45:43.732+0000] {processor.py:157} INFO - Started process (PID=79) to work on /opt/airflow/dags/etl_dag.py
[2024-08-17T06:45:43.734+0000] {processor.py:829} INFO - Processing file /opt/airflow/dags/etl_dag.py for tasks to queue
[2024-08-17T06:45:43.738+0000] {logging_mixin.py:151} INFO - [2024-08-17T06:45:43.738+0000] {dagbag.py:539} INFO - Filling up the DagBag from /opt/airflow/dags/etl_dag.py
[2024-08-17T06:45:43.763+0000] {processor.py:839} INFO - DAG(s) dict_keys(['postgres_to_bigquery']) retrieved from /opt/airflow/dags/etl_dag.py
[2024-08-17T06:45:43.787+0000] {logging_mixin.py:151} INFO - [2024-08-17T06:45:43.787+0000] {dag.py:2915} INFO - Sync 1 DAGs
[2024-08-17T06:45:43.795+0000] {logging_mixin.py:151} INFO - [2024-08-17T06:45:43.795+0000] {dag.py:3696} INFO - Setting next_dagrun for postgres_to_bigquery to None, run_after=None
[2024-08-17T06:45:43.803+0000] {processor.py:179} INFO - Processing /opt/airflow/dags/etl_dag.py took 0.077 seconds
[2024-08-17T06:46:14.035+0000] {processor.py:157} INFO - Started process (PID=86) to work on /opt/airflow/dags/etl_dag.py
[2024-08-17T06:46:14.036+0000] {processor.py:829} INFO - Processing file /opt/airflow/dags/etl_dag.py for tasks to queue
[2024-08-17T06:46:14.038+0000] {logging_mixin.py:151} INFO - [2024-08-17T06:46:14.037+0000] {dagbag.py:539} INFO - Filling up the DagBag from /opt/airflow/dags/etl_dag.py
[2024-08-17T06:46:14.047+0000] {processor.py:839} INFO - DAG(s) dict_keys(['postgres_to_bigquery']) retrieved from /opt/airflow/dags/etl_dag.py
[2024-08-17T06:46:14.065+0000] {logging_mixin.py:151} INFO - [2024-08-17T06:46:14.065+0000] {dag.py:2915} INFO - Sync 1 DAGs
[2024-08-17T06:46:14.071+0000] {logging_mixin.py:151} INFO - [2024-08-17T06:46:14.071+0000] {dag.py:3696} INFO - Setting next_dagrun for postgres_to_bigquery to None, run_after=None
[2024-08-17T06:46:14.079+0000] {processor.py:179} INFO - Processing /opt/airflow/dags/etl_dag.py took 0.046 seconds
[2024-08-17T06:46:44.365+0000] {processor.py:157} INFO - Started process (PID=94) to work on /opt/airflow/dags/etl_dag.py
[2024-08-17T06:46:44.366+0000] {processor.py:829} INFO - Processing file /opt/airflow/dags/etl_dag.py for tasks to queue
[2024-08-17T06:46:44.369+0000] {logging_mixin.py:151} INFO - [2024-08-17T06:46:44.369+0000] {dagbag.py:539} INFO - Filling up the DagBag from /opt/airflow/dags/etl_dag.py
[2024-08-17T06:46:44.390+0000] {processor.py:839} INFO - DAG(s) dict_keys(['postgres_to_bigquery']) retrieved from /opt/airflow/dags/etl_dag.py
[2024-08-17T06:46:44.413+0000] {logging_mixin.py:151} INFO - [2024-08-17T06:46:44.413+0000] {dag.py:2915} INFO - Sync 1 DAGs
[2024-08-17T06:46:44.421+0000] {logging_mixin.py:151} INFO - [2024-08-17T06:46:44.421+0000] {dag.py:3696} INFO - Setting next_dagrun for postgres_to_bigquery to None, run_after=None
[2024-08-17T06:46:44.430+0000] {processor.py:179} INFO - Processing /opt/airflow/dags/etl_dag.py took 0.070 seconds
[2024-08-17T06:47:14.716+0000] {processor.py:157} INFO - Started process (PID=102) to work on /opt/airflow/dags/etl_dag.py
[2024-08-17T06:47:14.717+0000] {processor.py:829} INFO - Processing file /opt/airflow/dags/etl_dag.py for tasks to queue
[2024-08-17T06:47:14.721+0000] {logging_mixin.py:151} INFO - [2024-08-17T06:47:14.721+0000] {dagbag.py:539} INFO - Filling up the DagBag from /opt/airflow/dags/etl_dag.py
[2024-08-17T06:47:14.744+0000] {processor.py:839} INFO - DAG(s) dict_keys(['postgres_to_bigquery']) retrieved from /opt/airflow/dags/etl_dag.py
[2024-08-17T06:47:14.768+0000] {logging_mixin.py:151} INFO - [2024-08-17T06:47:14.767+0000] {dag.py:2915} INFO - Sync 1 DAGs
[2024-08-17T06:47:14.775+0000] {logging_mixin.py:151} INFO - [2024-08-17T06:47:14.775+0000] {dag.py:3696} INFO - Setting next_dagrun for postgres_to_bigquery to None, run_after=None
[2024-08-17T06:47:14.783+0000] {processor.py:179} INFO - Processing /opt/airflow/dags/etl_dag.py took 0.073 seconds
[2024-08-17T06:47:45.039+0000] {processor.py:157} INFO - Started process (PID=110) to work on /opt/airflow/dags/etl_dag.py
[2024-08-17T06:47:45.040+0000] {processor.py:829} INFO - Processing file /opt/airflow/dags/etl_dag.py for tasks to queue
[2024-08-17T06:47:45.043+0000] {logging_mixin.py:151} INFO - [2024-08-17T06:47:45.043+0000] {dagbag.py:539} INFO - Filling up the DagBag from /opt/airflow/dags/etl_dag.py
[2024-08-17T06:47:45.063+0000] {processor.py:839} INFO - DAG(s) dict_keys(['postgres_to_bigquery']) retrieved from /opt/airflow/dags/etl_dag.py
[2024-08-17T06:47:45.088+0000] {logging_mixin.py:151} INFO - [2024-08-17T06:47:45.087+0000] {dag.py:2915} INFO - Sync 1 DAGs
[2024-08-17T06:47:45.094+0000] {logging_mixin.py:151} INFO - [2024-08-17T06:47:45.094+0000] {dag.py:3696} INFO - Setting next_dagrun for postgres_to_bigquery to None, run_after=None
[2024-08-17T06:47:45.102+0000] {processor.py:179} INFO - Processing /opt/airflow/dags/etl_dag.py took 0.067 seconds
[2024-08-17T06:48:15.405+0000] {processor.py:157} INFO - Started process (PID=118) to work on /opt/airflow/dags/etl_dag.py
[2024-08-17T06:48:15.406+0000] {processor.py:829} INFO - Processing file /opt/airflow/dags/etl_dag.py for tasks to queue
[2024-08-17T06:48:15.408+0000] {logging_mixin.py:151} INFO - [2024-08-17T06:48:15.407+0000] {dagbag.py:539} INFO - Filling up the DagBag from /opt/airflow/dags/etl_dag.py
[2024-08-17T06:48:15.423+0000] {processor.py:839} INFO - DAG(s) dict_keys(['postgres_to_bigquery']) retrieved from /opt/airflow/dags/etl_dag.py
[2024-08-17T06:48:15.452+0000] {logging_mixin.py:151} INFO - [2024-08-17T06:48:15.452+0000] {dag.py:2915} INFO - Sync 1 DAGs
[2024-08-17T06:48:15.469+0000] {logging_mixin.py:151} INFO - [2024-08-17T06:48:15.468+0000] {dag.py:3696} INFO - Setting next_dagrun for postgres_to_bigquery to None, run_after=None
[2024-08-17T06:48:15.478+0000] {processor.py:179} INFO - Processing /opt/airflow/dags/etl_dag.py took 0.075 seconds
[2024-08-17T06:48:45.727+0000] {processor.py:157} INFO - Started process (PID=126) to work on /opt/airflow/dags/etl_dag.py
[2024-08-17T06:48:45.729+0000] {processor.py:829} INFO - Processing file /opt/airflow/dags/etl_dag.py for tasks to queue
[2024-08-17T06:48:45.734+0000] {logging_mixin.py:151} INFO - [2024-08-17T06:48:45.733+0000] {dagbag.py:539} INFO - Filling up the DagBag from /opt/airflow/dags/etl_dag.py
[2024-08-17T06:48:45.759+0000] {processor.py:839} INFO - DAG(s) dict_keys(['postgres_to_bigquery']) retrieved from /opt/airflow/dags/etl_dag.py
[2024-08-17T06:48:45.784+0000] {logging_mixin.py:151} INFO - [2024-08-17T06:48:45.784+0000] {dag.py:2915} INFO - Sync 1 DAGs
[2024-08-17T06:48:45.793+0000] {logging_mixin.py:151} INFO - [2024-08-17T06:48:45.793+0000] {dag.py:3696} INFO - Setting next_dagrun for postgres_to_bigquery to None, run_after=None
[2024-08-17T06:48:45.801+0000] {processor.py:179} INFO - Processing /opt/airflow/dags/etl_dag.py took 0.082 seconds
[2024-08-17T06:49:16.035+0000] {processor.py:157} INFO - Started process (PID=134) to work on /opt/airflow/dags/etl_dag.py
[2024-08-17T06:49:16.037+0000] {processor.py:829} INFO - Processing file /opt/airflow/dags/etl_dag.py for tasks to queue
[2024-08-17T06:49:16.042+0000] {logging_mixin.py:151} INFO - [2024-08-17T06:49:16.041+0000] {dagbag.py:539} INFO - Filling up the DagBag from /opt/airflow/dags/etl_dag.py
[2024-08-17T06:49:16.064+0000] {processor.py:839} INFO - DAG(s) dict_keys(['postgres_to_bigquery']) retrieved from /opt/airflow/dags/etl_dag.py
[2024-08-17T06:49:16.087+0000] {logging_mixin.py:151} INFO - [2024-08-17T06:49:16.087+0000] {dag.py:2915} INFO - Sync 1 DAGs
[2024-08-17T06:49:16.095+0000] {logging_mixin.py:151} INFO - [2024-08-17T06:49:16.094+0000] {dag.py:3696} INFO - Setting next_dagrun for postgres_to_bigquery to None, run_after=None
[2024-08-17T06:49:16.103+0000] {processor.py:179} INFO - Processing /opt/airflow/dags/etl_dag.py took 0.074 seconds
[2024-08-17T06:49:46.365+0000] {processor.py:157} INFO - Started process (PID=141) to work on /opt/airflow/dags/etl_dag.py
[2024-08-17T06:49:46.366+0000] {processor.py:829} INFO - Processing file /opt/airflow/dags/etl_dag.py for tasks to queue
[2024-08-17T06:49:46.371+0000] {logging_mixin.py:151} INFO - [2024-08-17T06:49:46.371+0000] {dagbag.py:539} INFO - Filling up the DagBag from /opt/airflow/dags/etl_dag.py
[2024-08-17T06:49:46.391+0000] {processor.py:839} INFO - DAG(s) dict_keys(['postgres_to_bigquery']) retrieved from /opt/airflow/dags/etl_dag.py
[2024-08-17T06:49:46.413+0000] {logging_mixin.py:151} INFO - [2024-08-17T06:49:46.413+0000] {dag.py:2915} INFO - Sync 1 DAGs
[2024-08-17T06:49:46.420+0000] {logging_mixin.py:151} INFO - [2024-08-17T06:49:46.420+0000] {dag.py:3696} INFO - Setting next_dagrun for postgres_to_bigquery to None, run_after=None
[2024-08-17T06:49:46.429+0000] {processor.py:179} INFO - Processing /opt/airflow/dags/etl_dag.py took 0.070 seconds
[2024-08-17T06:50:16.667+0000] {processor.py:157} INFO - Started process (PID=149) to work on /opt/airflow/dags/etl_dag.py
[2024-08-17T06:50:16.669+0000] {processor.py:829} INFO - Processing file /opt/airflow/dags/etl_dag.py for tasks to queue
[2024-08-17T06:50:16.673+0000] {logging_mixin.py:151} INFO - [2024-08-17T06:50:16.672+0000] {dagbag.py:539} INFO - Filling up the DagBag from /opt/airflow/dags/etl_dag.py
[2024-08-17T06:50:16.699+0000] {processor.py:839} INFO - DAG(s) dict_keys(['postgres_to_bigquery']) retrieved from /opt/airflow/dags/etl_dag.py
[2024-08-17T06:50:16.724+0000] {logging_mixin.py:151} INFO - [2024-08-17T06:50:16.724+0000] {dag.py:2915} INFO - Sync 1 DAGs
[2024-08-17T06:50:16.731+0000] {logging_mixin.py:151} INFO - [2024-08-17T06:50:16.731+0000] {dag.py:3696} INFO - Setting next_dagrun for postgres_to_bigquery to None, run_after=None
[2024-08-17T06:50:16.740+0000] {processor.py:179} INFO - Processing /opt/airflow/dags/etl_dag.py took 0.080 seconds
[2024-08-17T06:50:47.028+0000] {processor.py:157} INFO - Started process (PID=157) to work on /opt/airflow/dags/etl_dag.py
[2024-08-17T06:50:47.029+0000] {processor.py:829} INFO - Processing file /opt/airflow/dags/etl_dag.py for tasks to queue
[2024-08-17T06:50:47.032+0000] {logging_mixin.py:151} INFO - [2024-08-17T06:50:47.031+0000] {dagbag.py:539} INFO - Filling up the DagBag from /opt/airflow/dags/etl_dag.py
[2024-08-17T06:50:47.052+0000] {processor.py:839} INFO - DAG(s) dict_keys(['postgres_to_bigquery']) retrieved from /opt/airflow/dags/etl_dag.py
[2024-08-17T06:50:47.076+0000] {logging_mixin.py:151} INFO - [2024-08-17T06:50:47.075+0000] {dag.py:2915} INFO - Sync 1 DAGs
[2024-08-17T06:50:47.082+0000] {logging_mixin.py:151} INFO - [2024-08-17T06:50:47.082+0000] {dag.py:3696} INFO - Setting next_dagrun for postgres_to_bigquery to None, run_after=None
[2024-08-17T06:50:47.091+0000] {processor.py:179} INFO - Processing /opt/airflow/dags/etl_dag.py took 0.068 seconds
[2024-08-17T06:51:17.364+0000] {processor.py:157} INFO - Started process (PID=165) to work on /opt/airflow/dags/etl_dag.py
[2024-08-17T06:51:17.365+0000] {processor.py:829} INFO - Processing file /opt/airflow/dags/etl_dag.py for tasks to queue
[2024-08-17T06:51:17.369+0000] {logging_mixin.py:151} INFO - [2024-08-17T06:51:17.369+0000] {dagbag.py:539} INFO - Filling up the DagBag from /opt/airflow/dags/etl_dag.py
[2024-08-17T06:51:17.392+0000] {processor.py:839} INFO - DAG(s) dict_keys(['postgres_to_bigquery']) retrieved from /opt/airflow/dags/etl_dag.py
[2024-08-17T06:51:17.416+0000] {logging_mixin.py:151} INFO - [2024-08-17T06:51:17.416+0000] {dag.py:2915} INFO - Sync 1 DAGs
[2024-08-17T06:51:17.425+0000] {logging_mixin.py:151} INFO - [2024-08-17T06:51:17.425+0000] {dag.py:3696} INFO - Setting next_dagrun for postgres_to_bigquery to None, run_after=None
[2024-08-17T06:51:17.434+0000] {processor.py:179} INFO - Processing /opt/airflow/dags/etl_dag.py took 0.075 seconds
[2024-08-17T06:51:47.669+0000] {processor.py:157} INFO - Started process (PID=173) to work on /opt/airflow/dags/etl_dag.py
[2024-08-17T06:51:47.669+0000] {processor.py:829} INFO - Processing file /opt/airflow/dags/etl_dag.py for tasks to queue
[2024-08-17T06:51:47.671+0000] {logging_mixin.py:151} INFO - [2024-08-17T06:51:47.670+0000] {dagbag.py:539} INFO - Filling up the DagBag from /opt/airflow/dags/etl_dag.py
[2024-08-17T06:51:47.681+0000] {processor.py:839} INFO - DAG(s) dict_keys(['postgres_to_bigquery']) retrieved from /opt/airflow/dags/etl_dag.py
[2024-08-17T06:51:47.700+0000] {logging_mixin.py:151} INFO - [2024-08-17T06:51:47.700+0000] {dag.py:2915} INFO - Sync 1 DAGs
[2024-08-17T06:51:47.707+0000] {logging_mixin.py:151} INFO - [2024-08-17T06:51:47.707+0000] {dag.py:3696} INFO - Setting next_dagrun for postgres_to_bigquery to None, run_after=None
[2024-08-17T06:51:47.715+0000] {processor.py:179} INFO - Processing /opt/airflow/dags/etl_dag.py took 0.050 seconds
[2024-08-17T06:52:18.018+0000] {processor.py:157} INFO - Started process (PID=181) to work on /opt/airflow/dags/etl_dag.py
[2024-08-17T06:52:18.019+0000] {processor.py:829} INFO - Processing file /opt/airflow/dags/etl_dag.py for tasks to queue
[2024-08-17T06:52:18.022+0000] {logging_mixin.py:151} INFO - [2024-08-17T06:52:18.021+0000] {dagbag.py:539} INFO - Filling up the DagBag from /opt/airflow/dags/etl_dag.py
[2024-08-17T06:52:18.036+0000] {processor.py:839} INFO - DAG(s) dict_keys(['postgres_to_bigquery']) retrieved from /opt/airflow/dags/etl_dag.py
[2024-08-17T06:52:18.059+0000] {logging_mixin.py:151} INFO - [2024-08-17T06:52:18.059+0000] {dag.py:2915} INFO - Sync 1 DAGs
[2024-08-17T06:52:18.067+0000] {logging_mixin.py:151} INFO - [2024-08-17T06:52:18.067+0000] {dag.py:3696} INFO - Setting next_dagrun for postgres_to_bigquery to None, run_after=None
[2024-08-17T06:52:18.076+0000] {processor.py:179} INFO - Processing /opt/airflow/dags/etl_dag.py took 0.061 seconds
[2024-08-17T06:52:48.346+0000] {processor.py:157} INFO - Started process (PID=188) to work on /opt/airflow/dags/etl_dag.py
[2024-08-17T06:52:48.348+0000] {processor.py:829} INFO - Processing file /opt/airflow/dags/etl_dag.py for tasks to queue
[2024-08-17T06:52:48.353+0000] {logging_mixin.py:151} INFO - [2024-08-17T06:52:48.352+0000] {dagbag.py:539} INFO - Filling up the DagBag from /opt/airflow/dags/etl_dag.py
[2024-08-17T06:52:48.377+0000] {processor.py:839} INFO - DAG(s) dict_keys(['postgres_to_bigquery']) retrieved from /opt/airflow/dags/etl_dag.py
[2024-08-17T06:52:48.401+0000] {logging_mixin.py:151} INFO - [2024-08-17T06:52:48.401+0000] {dag.py:2915} INFO - Sync 1 DAGs
[2024-08-17T06:52:48.409+0000] {logging_mixin.py:151} INFO - [2024-08-17T06:52:48.409+0000] {dag.py:3696} INFO - Setting next_dagrun for postgres_to_bigquery to None, run_after=None
[2024-08-17T06:52:48.418+0000] {processor.py:179} INFO - Processing /opt/airflow/dags/etl_dag.py took 0.077 seconds
[2024-08-17T06:53:18.743+0000] {processor.py:157} INFO - Started process (PID=196) to work on /opt/airflow/dags/etl_dag.py
[2024-08-17T06:53:18.744+0000] {processor.py:829} INFO - Processing file /opt/airflow/dags/etl_dag.py for tasks to queue
[2024-08-17T06:53:18.747+0000] {logging_mixin.py:151} INFO - [2024-08-17T06:53:18.746+0000] {dagbag.py:539} INFO - Filling up the DagBag from /opt/airflow/dags/etl_dag.py
[2024-08-17T06:53:18.761+0000] {processor.py:839} INFO - DAG(s) dict_keys(['postgres_to_bigquery']) retrieved from /opt/airflow/dags/etl_dag.py
[2024-08-17T06:53:18.788+0000] {logging_mixin.py:151} INFO - [2024-08-17T06:53:18.788+0000] {dag.py:2915} INFO - Sync 1 DAGs
[2024-08-17T06:53:18.796+0000] {logging_mixin.py:151} INFO - [2024-08-17T06:53:18.796+0000] {dag.py:3696} INFO - Setting next_dagrun for postgres_to_bigquery to None, run_after=None
[2024-08-17T06:53:18.805+0000] {processor.py:179} INFO - Processing /opt/airflow/dags/etl_dag.py took 0.065 seconds
[2024-08-17T06:53:49.075+0000] {processor.py:157} INFO - Started process (PID=203) to work on /opt/airflow/dags/etl_dag.py
[2024-08-17T06:53:49.078+0000] {processor.py:829} INFO - Processing file /opt/airflow/dags/etl_dag.py for tasks to queue
[2024-08-17T06:53:49.082+0000] {logging_mixin.py:151} INFO - [2024-08-17T06:53:49.082+0000] {dagbag.py:539} INFO - Filling up the DagBag from /opt/airflow/dags/etl_dag.py
[2024-08-17T06:53:49.102+0000] {processor.py:839} INFO - DAG(s) dict_keys(['postgres_to_bigquery']) retrieved from /opt/airflow/dags/etl_dag.py
[2024-08-17T06:53:49.129+0000] {logging_mixin.py:151} INFO - [2024-08-17T06:53:49.128+0000] {dag.py:2915} INFO - Sync 1 DAGs
[2024-08-17T06:53:49.138+0000] {logging_mixin.py:151} INFO - [2024-08-17T06:53:49.138+0000] {dag.py:3696} INFO - Setting next_dagrun for postgres_to_bigquery to None, run_after=None
[2024-08-17T06:53:49.152+0000] {processor.py:179} INFO - Processing /opt/airflow/dags/etl_dag.py took 0.081 seconds
[2024-08-17T06:54:19.443+0000] {processor.py:157} INFO - Started process (PID=210) to work on /opt/airflow/dags/etl_dag.py
[2024-08-17T06:54:19.446+0000] {processor.py:829} INFO - Processing file /opt/airflow/dags/etl_dag.py for tasks to queue
[2024-08-17T06:54:19.451+0000] {logging_mixin.py:151} INFO - [2024-08-17T06:54:19.450+0000] {dagbag.py:539} INFO - Filling up the DagBag from /opt/airflow/dags/etl_dag.py
[2024-08-17T06:54:19.474+0000] {processor.py:839} INFO - DAG(s) dict_keys(['postgres_to_bigquery']) retrieved from /opt/airflow/dags/etl_dag.py
[2024-08-17T06:54:19.495+0000] {logging_mixin.py:151} INFO - [2024-08-17T06:54:19.495+0000] {dag.py:2915} INFO - Sync 1 DAGs
[2024-08-17T06:54:19.502+0000] {logging_mixin.py:151} INFO - [2024-08-17T06:54:19.502+0000] {dag.py:3696} INFO - Setting next_dagrun for postgres_to_bigquery to None, run_after=None
[2024-08-17T06:54:19.511+0000] {processor.py:179} INFO - Processing /opt/airflow/dags/etl_dag.py took 0.073 seconds
[2024-08-17T06:54:49.824+0000] {processor.py:157} INFO - Started process (PID=218) to work on /opt/airflow/dags/etl_dag.py
[2024-08-17T06:54:49.826+0000] {processor.py:829} INFO - Processing file /opt/airflow/dags/etl_dag.py for tasks to queue
[2024-08-17T06:54:49.830+0000] {logging_mixin.py:151} INFO - [2024-08-17T06:54:49.830+0000] {dagbag.py:539} INFO - Filling up the DagBag from /opt/airflow/dags/etl_dag.py
[2024-08-17T06:54:49.854+0000] {processor.py:839} INFO - DAG(s) dict_keys(['postgres_to_bigquery']) retrieved from /opt/airflow/dags/etl_dag.py
[2024-08-17T06:54:49.879+0000] {logging_mixin.py:151} INFO - [2024-08-17T06:54:49.879+0000] {dag.py:2915} INFO - Sync 1 DAGs
[2024-08-17T06:54:49.886+0000] {logging_mixin.py:151} INFO - [2024-08-17T06:54:49.886+0000] {dag.py:3696} INFO - Setting next_dagrun for postgres_to_bigquery to None, run_after=None
[2024-08-17T06:54:49.896+0000] {processor.py:179} INFO - Processing /opt/airflow/dags/etl_dag.py took 0.077 seconds
[2024-08-17T06:55:20.175+0000] {processor.py:157} INFO - Started process (PID=226) to work on /opt/airflow/dags/etl_dag.py
[2024-08-17T06:55:20.177+0000] {processor.py:829} INFO - Processing file /opt/airflow/dags/etl_dag.py for tasks to queue
[2024-08-17T06:55:20.179+0000] {logging_mixin.py:151} INFO - [2024-08-17T06:55:20.179+0000] {dagbag.py:539} INFO - Filling up the DagBag from /opt/airflow/dags/etl_dag.py
[2024-08-17T06:55:20.195+0000] {processor.py:839} INFO - DAG(s) dict_keys(['postgres_to_bigquery']) retrieved from /opt/airflow/dags/etl_dag.py
[2024-08-17T06:55:20.216+0000] {logging_mixin.py:151} INFO - [2024-08-17T06:55:20.216+0000] {dag.py:2915} INFO - Sync 1 DAGs
[2024-08-17T06:55:20.225+0000] {logging_mixin.py:151} INFO - [2024-08-17T06:55:20.225+0000] {dag.py:3696} INFO - Setting next_dagrun for postgres_to_bigquery to None, run_after=None
[2024-08-17T06:55:20.234+0000] {processor.py:179} INFO - Processing /opt/airflow/dags/etl_dag.py took 0.061 seconds
[2024-08-17T06:55:50.542+0000] {processor.py:157} INFO - Started process (PID=234) to work on /opt/airflow/dags/etl_dag.py
[2024-08-17T06:55:50.544+0000] {processor.py:829} INFO - Processing file /opt/airflow/dags/etl_dag.py for tasks to queue
[2024-08-17T06:55:50.547+0000] {logging_mixin.py:151} INFO - [2024-08-17T06:55:50.547+0000] {dagbag.py:539} INFO - Filling up the DagBag from /opt/airflow/dags/etl_dag.py
[2024-08-17T06:55:50.568+0000] {processor.py:839} INFO - DAG(s) dict_keys(['postgres_to_bigquery']) retrieved from /opt/airflow/dags/etl_dag.py
[2024-08-17T06:55:50.606+0000] {logging_mixin.py:151} INFO - [2024-08-17T06:55:50.605+0000] {dag.py:2915} INFO - Sync 1 DAGs
[2024-08-17T06:55:50.617+0000] {logging_mixin.py:151} INFO - [2024-08-17T06:55:50.617+0000] {dag.py:3696} INFO - Setting next_dagrun for postgres_to_bigquery to None, run_after=None
[2024-08-17T06:55:50.644+0000] {processor.py:179} INFO - Processing /opt/airflow/dags/etl_dag.py took 0.106 seconds
[2024-08-17T06:56:20.836+0000] {processor.py:157} INFO - Started process (PID=241) to work on /opt/airflow/dags/etl_dag.py
[2024-08-17T06:56:20.838+0000] {processor.py:829} INFO - Processing file /opt/airflow/dags/etl_dag.py for tasks to queue
[2024-08-17T06:56:20.841+0000] {logging_mixin.py:151} INFO - [2024-08-17T06:56:20.840+0000] {dagbag.py:539} INFO - Filling up the DagBag from /opt/airflow/dags/etl_dag.py
[2024-08-17T06:56:20.859+0000] {processor.py:839} INFO - DAG(s) dict_keys(['postgres_to_bigquery']) retrieved from /opt/airflow/dags/etl_dag.py
[2024-08-17T06:56:20.888+0000] {logging_mixin.py:151} INFO - [2024-08-17T06:56:20.888+0000] {dag.py:2915} INFO - Sync 1 DAGs
[2024-08-17T06:56:20.898+0000] {logging_mixin.py:151} INFO - [2024-08-17T06:56:20.898+0000] {dag.py:3696} INFO - Setting next_dagrun for postgres_to_bigquery to None, run_after=None
[2024-08-17T06:56:20.912+0000] {processor.py:179} INFO - Processing /opt/airflow/dags/etl_dag.py took 0.079 seconds
[2024-08-17T06:56:51.260+0000] {processor.py:157} INFO - Started process (PID=249) to work on /opt/airflow/dags/etl_dag.py
[2024-08-17T06:56:51.261+0000] {processor.py:829} INFO - Processing file /opt/airflow/dags/etl_dag.py for tasks to queue
[2024-08-17T06:56:51.265+0000] {logging_mixin.py:151} INFO - [2024-08-17T06:56:51.265+0000] {dagbag.py:539} INFO - Filling up the DagBag from /opt/airflow/dags/etl_dag.py
[2024-08-17T06:56:51.292+0000] {processor.py:839} INFO - DAG(s) dict_keys(['postgres_to_bigquery']) retrieved from /opt/airflow/dags/etl_dag.py
[2024-08-17T06:56:51.326+0000] {logging_mixin.py:151} INFO - [2024-08-17T06:56:51.325+0000] {dag.py:2915} INFO - Sync 1 DAGs
[2024-08-17T06:56:51.336+0000] {logging_mixin.py:151} INFO - [2024-08-17T06:56:51.335+0000] {dag.py:3696} INFO - Setting next_dagrun for postgres_to_bigquery to None, run_after=None
[2024-08-17T06:56:51.346+0000] {processor.py:179} INFO - Processing /opt/airflow/dags/etl_dag.py took 0.092 seconds
[2024-08-17T06:57:21.644+0000] {processor.py:157} INFO - Started process (PID=257) to work on /opt/airflow/dags/etl_dag.py
[2024-08-17T06:57:21.646+0000] {processor.py:829} INFO - Processing file /opt/airflow/dags/etl_dag.py for tasks to queue
[2024-08-17T06:57:21.651+0000] {logging_mixin.py:151} INFO - [2024-08-17T06:57:21.650+0000] {dagbag.py:539} INFO - Filling up the DagBag from /opt/airflow/dags/etl_dag.py
[2024-08-17T06:57:21.674+0000] {processor.py:839} INFO - DAG(s) dict_keys(['postgres_to_bigquery']) retrieved from /opt/airflow/dags/etl_dag.py
[2024-08-17T06:57:21.698+0000] {logging_mixin.py:151} INFO - [2024-08-17T06:57:21.698+0000] {dag.py:2915} INFO - Sync 1 DAGs
[2024-08-17T06:57:21.706+0000] {logging_mixin.py:151} INFO - [2024-08-17T06:57:21.706+0000] {dag.py:3696} INFO - Setting next_dagrun for postgres_to_bigquery to None, run_after=None
[2024-08-17T06:57:21.718+0000] {processor.py:179} INFO - Processing /opt/airflow/dags/etl_dag.py took 0.081 seconds
[2024-08-17T06:57:51.970+0000] {processor.py:157} INFO - Started process (PID=265) to work on /opt/airflow/dags/etl_dag.py
[2024-08-17T06:57:51.972+0000] {processor.py:829} INFO - Processing file /opt/airflow/dags/etl_dag.py for tasks to queue
[2024-08-17T06:57:51.978+0000] {logging_mixin.py:151} INFO - [2024-08-17T06:57:51.978+0000] {dagbag.py:539} INFO - Filling up the DagBag from /opt/airflow/dags/etl_dag.py
[2024-08-17T06:57:52.002+0000] {processor.py:839} INFO - DAG(s) dict_keys(['postgres_to_bigquery']) retrieved from /opt/airflow/dags/etl_dag.py
[2024-08-17T06:57:52.031+0000] {logging_mixin.py:151} INFO - [2024-08-17T06:57:52.031+0000] {dag.py:2915} INFO - Sync 1 DAGs
[2024-08-17T06:57:52.041+0000] {logging_mixin.py:151} INFO - [2024-08-17T06:57:52.041+0000] {dag.py:3696} INFO - Setting next_dagrun for postgres_to_bigquery to None, run_after=None
[2024-08-17T06:57:52.052+0000] {processor.py:179} INFO - Processing /opt/airflow/dags/etl_dag.py took 0.099 seconds
[2024-08-17T06:58:22.258+0000] {processor.py:157} INFO - Started process (PID=273) to work on /opt/airflow/dags/etl_dag.py
[2024-08-17T06:58:22.259+0000] {processor.py:829} INFO - Processing file /opt/airflow/dags/etl_dag.py for tasks to queue
[2024-08-17T06:58:22.262+0000] {logging_mixin.py:151} INFO - [2024-08-17T06:58:22.261+0000] {dagbag.py:539} INFO - Filling up the DagBag from /opt/airflow/dags/etl_dag.py
[2024-08-17T06:58:22.282+0000] {processor.py:839} INFO - DAG(s) dict_keys(['postgres_to_bigquery']) retrieved from /opt/airflow/dags/etl_dag.py
[2024-08-17T06:58:22.314+0000] {logging_mixin.py:151} INFO - [2024-08-17T06:58:22.314+0000] {dag.py:2915} INFO - Sync 1 DAGs
[2024-08-17T06:58:22.325+0000] {logging_mixin.py:151} INFO - [2024-08-17T06:58:22.325+0000] {dag.py:3696} INFO - Setting next_dagrun for postgres_to_bigquery to None, run_after=None
[2024-08-17T06:58:22.337+0000] {processor.py:179} INFO - Processing /opt/airflow/dags/etl_dag.py took 0.083 seconds
[2024-08-17T06:58:52.675+0000] {processor.py:157} INFO - Started process (PID=281) to work on /opt/airflow/dags/etl_dag.py
[2024-08-17T06:58:52.677+0000] {processor.py:829} INFO - Processing file /opt/airflow/dags/etl_dag.py for tasks to queue
[2024-08-17T06:58:52.682+0000] {logging_mixin.py:151} INFO - [2024-08-17T06:58:52.682+0000] {dagbag.py:539} INFO - Filling up the DagBag from /opt/airflow/dags/etl_dag.py
[2024-08-17T06:58:52.704+0000] {processor.py:839} INFO - DAG(s) dict_keys(['postgres_to_bigquery']) retrieved from /opt/airflow/dags/etl_dag.py
[2024-08-17T06:58:52.734+0000] {logging_mixin.py:151} INFO - [2024-08-17T06:58:52.734+0000] {dag.py:2915} INFO - Sync 1 DAGs
[2024-08-17T06:58:52.743+0000] {logging_mixin.py:151} INFO - [2024-08-17T06:58:52.743+0000] {dag.py:3696} INFO - Setting next_dagrun for postgres_to_bigquery to None, run_after=None
[2024-08-17T06:58:52.754+0000] {processor.py:179} INFO - Processing /opt/airflow/dags/etl_dag.py took 0.084 seconds
[2024-08-17T06:59:23.003+0000] {processor.py:157} INFO - Started process (PID=289) to work on /opt/airflow/dags/etl_dag.py
[2024-08-17T06:59:23.007+0000] {processor.py:829} INFO - Processing file /opt/airflow/dags/etl_dag.py for tasks to queue
[2024-08-17T06:59:23.010+0000] {logging_mixin.py:151} INFO - [2024-08-17T06:59:23.010+0000] {dagbag.py:539} INFO - Filling up the DagBag from /opt/airflow/dags/etl_dag.py
[2024-08-17T06:59:23.025+0000] {processor.py:839} INFO - DAG(s) dict_keys(['postgres_to_bigquery']) retrieved from /opt/airflow/dags/etl_dag.py
[2024-08-17T06:59:23.065+0000] {logging_mixin.py:151} INFO - [2024-08-17T06:59:23.064+0000] {dag.py:2915} INFO - Sync 1 DAGs
[2024-08-17T06:59:23.076+0000] {logging_mixin.py:151} INFO - [2024-08-17T06:59:23.076+0000] {dag.py:3696} INFO - Setting next_dagrun for postgres_to_bigquery to None, run_after=None
[2024-08-17T06:59:23.088+0000] {processor.py:179} INFO - Processing /opt/airflow/dags/etl_dag.py took 0.089 seconds
[2024-08-17T06:59:53.409+0000] {processor.py:157} INFO - Started process (PID=297) to work on /opt/airflow/dags/etl_dag.py
[2024-08-17T06:59:53.411+0000] {processor.py:829} INFO - Processing file /opt/airflow/dags/etl_dag.py for tasks to queue
[2024-08-17T06:59:53.416+0000] {logging_mixin.py:151} INFO - [2024-08-17T06:59:53.416+0000] {dagbag.py:539} INFO - Filling up the DagBag from /opt/airflow/dags/etl_dag.py
[2024-08-17T06:59:53.440+0000] {processor.py:839} INFO - DAG(s) dict_keys(['postgres_to_bigquery']) retrieved from /opt/airflow/dags/etl_dag.py
[2024-08-17T06:59:53.465+0000] {logging_mixin.py:151} INFO - [2024-08-17T06:59:53.464+0000] {dag.py:2915} INFO - Sync 1 DAGs
[2024-08-17T06:59:53.473+0000] {logging_mixin.py:151} INFO - [2024-08-17T06:59:53.473+0000] {dag.py:3696} INFO - Setting next_dagrun for postgres_to_bigquery to None, run_after=None
[2024-08-17T06:59:53.483+0000] {processor.py:179} INFO - Processing /opt/airflow/dags/etl_dag.py took 0.080 seconds
[2024-08-17T07:00:23.735+0000] {processor.py:157} INFO - Started process (PID=305) to work on /opt/airflow/dags/etl_dag.py
[2024-08-17T07:00:23.737+0000] {processor.py:829} INFO - Processing file /opt/airflow/dags/etl_dag.py for tasks to queue
[2024-08-17T07:00:23.742+0000] {logging_mixin.py:151} INFO - [2024-08-17T07:00:23.741+0000] {dagbag.py:539} INFO - Filling up the DagBag from /opt/airflow/dags/etl_dag.py
[2024-08-17T07:00:23.764+0000] {processor.py:839} INFO - DAG(s) dict_keys(['postgres_to_bigquery']) retrieved from /opt/airflow/dags/etl_dag.py
[2024-08-17T07:00:23.787+0000] {logging_mixin.py:151} INFO - [2024-08-17T07:00:23.787+0000] {dag.py:2915} INFO - Sync 1 DAGs
[2024-08-17T07:00:23.795+0000] {logging_mixin.py:151} INFO - [2024-08-17T07:00:23.795+0000] {dag.py:3696} INFO - Setting next_dagrun for postgres_to_bigquery to None, run_after=None
[2024-08-17T07:00:23.804+0000] {processor.py:179} INFO - Processing /opt/airflow/dags/etl_dag.py took 0.075 seconds
[2024-08-17T07:00:54.040+0000] {processor.py:157} INFO - Started process (PID=313) to work on /opt/airflow/dags/etl_dag.py
[2024-08-17T07:00:54.041+0000] {processor.py:829} INFO - Processing file /opt/airflow/dags/etl_dag.py for tasks to queue
[2024-08-17T07:00:54.042+0000] {logging_mixin.py:151} INFO - [2024-08-17T07:00:54.042+0000] {dagbag.py:539} INFO - Filling up the DagBag from /opt/airflow/dags/etl_dag.py
[2024-08-17T07:00:54.053+0000] {processor.py:839} INFO - DAG(s) dict_keys(['postgres_to_bigquery']) retrieved from /opt/airflow/dags/etl_dag.py
[2024-08-17T07:00:54.071+0000] {logging_mixin.py:151} INFO - [2024-08-17T07:00:54.071+0000] {dag.py:2915} INFO - Sync 1 DAGs
[2024-08-17T07:00:54.077+0000] {logging_mixin.py:151} INFO - [2024-08-17T07:00:54.077+0000] {dag.py:3696} INFO - Setting next_dagrun for postgres_to_bigquery to None, run_after=None
[2024-08-17T07:00:54.086+0000] {processor.py:179} INFO - Processing /opt/airflow/dags/etl_dag.py took 0.048 seconds
[2024-08-17T07:01:24.367+0000] {processor.py:157} INFO - Started process (PID=321) to work on /opt/airflow/dags/etl_dag.py
[2024-08-17T07:01:24.368+0000] {processor.py:829} INFO - Processing file /opt/airflow/dags/etl_dag.py for tasks to queue
[2024-08-17T07:01:24.371+0000] {logging_mixin.py:151} INFO - [2024-08-17T07:01:24.370+0000] {dagbag.py:539} INFO - Filling up the DagBag from /opt/airflow/dags/etl_dag.py
[2024-08-17T07:01:24.398+0000] {processor.py:839} INFO - DAG(s) dict_keys(['postgres_to_bigquery']) retrieved from /opt/airflow/dags/etl_dag.py
[2024-08-17T07:01:24.424+0000] {logging_mixin.py:151} INFO - [2024-08-17T07:01:24.424+0000] {dag.py:2915} INFO - Sync 1 DAGs
[2024-08-17T07:01:24.433+0000] {logging_mixin.py:151} INFO - [2024-08-17T07:01:24.432+0000] {dag.py:3696} INFO - Setting next_dagrun for postgres_to_bigquery to None, run_after=None
[2024-08-17T07:01:24.451+0000] {processor.py:179} INFO - Processing /opt/airflow/dags/etl_dag.py took 0.087 seconds
[2024-08-17T07:01:54.682+0000] {processor.py:157} INFO - Started process (PID=329) to work on /opt/airflow/dags/etl_dag.py
[2024-08-17T07:01:54.685+0000] {processor.py:829} INFO - Processing file /opt/airflow/dags/etl_dag.py for tasks to queue
[2024-08-17T07:01:54.689+0000] {logging_mixin.py:151} INFO - [2024-08-17T07:01:54.689+0000] {dagbag.py:539} INFO - Filling up the DagBag from /opt/airflow/dags/etl_dag.py
[2024-08-17T07:01:54.709+0000] {processor.py:839} INFO - DAG(s) dict_keys(['postgres_to_bigquery']) retrieved from /opt/airflow/dags/etl_dag.py
[2024-08-17T07:01:54.733+0000] {logging_mixin.py:151} INFO - [2024-08-17T07:01:54.733+0000] {dag.py:2915} INFO - Sync 1 DAGs
[2024-08-17T07:01:54.741+0000] {logging_mixin.py:151} INFO - [2024-08-17T07:01:54.741+0000] {dag.py:3696} INFO - Setting next_dagrun for postgres_to_bigquery to None, run_after=None
[2024-08-17T07:01:54.751+0000] {processor.py:179} INFO - Processing /opt/airflow/dags/etl_dag.py took 0.075 seconds
[2024-08-17T07:02:25.034+0000] {processor.py:157} INFO - Started process (PID=337) to work on /opt/airflow/dags/etl_dag.py
[2024-08-17T07:02:25.035+0000] {processor.py:829} INFO - Processing file /opt/airflow/dags/etl_dag.py for tasks to queue
[2024-08-17T07:02:25.038+0000] {logging_mixin.py:151} INFO - [2024-08-17T07:02:25.037+0000] {dagbag.py:539} INFO - Filling up the DagBag from /opt/airflow/dags/etl_dag.py
[2024-08-17T07:02:25.061+0000] {processor.py:839} INFO - DAG(s) dict_keys(['postgres_to_bigquery']) retrieved from /opt/airflow/dags/etl_dag.py
[2024-08-17T07:02:25.087+0000] {logging_mixin.py:151} INFO - [2024-08-17T07:02:25.086+0000] {dag.py:2915} INFO - Sync 1 DAGs
[2024-08-17T07:02:25.095+0000] {logging_mixin.py:151} INFO - [2024-08-17T07:02:25.095+0000] {dag.py:3696} INFO - Setting next_dagrun for postgres_to_bigquery to None, run_after=None
[2024-08-17T07:02:25.105+0000] {processor.py:179} INFO - Processing /opt/airflow/dags/etl_dag.py took 0.073 seconds
[2024-08-17T07:02:55.377+0000] {processor.py:157} INFO - Started process (PID=345) to work on /opt/airflow/dags/etl_dag.py
[2024-08-17T07:02:55.379+0000] {processor.py:829} INFO - Processing file /opt/airflow/dags/etl_dag.py for tasks to queue
[2024-08-17T07:02:55.381+0000] {logging_mixin.py:151} INFO - [2024-08-17T07:02:55.381+0000] {dagbag.py:539} INFO - Filling up the DagBag from /opt/airflow/dags/etl_dag.py
[2024-08-17T07:02:55.394+0000] {processor.py:839} INFO - DAG(s) dict_keys(['postgres_to_bigquery']) retrieved from /opt/airflow/dags/etl_dag.py
[2024-08-17T07:02:55.416+0000] {logging_mixin.py:151} INFO - [2024-08-17T07:02:55.416+0000] {dag.py:2915} INFO - Sync 1 DAGs
[2024-08-17T07:02:55.424+0000] {logging_mixin.py:151} INFO - [2024-08-17T07:02:55.424+0000] {dag.py:3696} INFO - Setting next_dagrun for postgres_to_bigquery to None, run_after=None
[2024-08-17T07:02:55.434+0000] {processor.py:179} INFO - Processing /opt/airflow/dags/etl_dag.py took 0.059 seconds
[2024-08-17T07:03:25.700+0000] {processor.py:157} INFO - Started process (PID=353) to work on /opt/airflow/dags/etl_dag.py
[2024-08-17T07:03:25.701+0000] {processor.py:829} INFO - Processing file /opt/airflow/dags/etl_dag.py for tasks to queue
[2024-08-17T07:03:25.704+0000] {logging_mixin.py:151} INFO - [2024-08-17T07:03:25.703+0000] {dagbag.py:539} INFO - Filling up the DagBag from /opt/airflow/dags/etl_dag.py
[2024-08-17T07:03:25.722+0000] {processor.py:839} INFO - DAG(s) dict_keys(['postgres_to_bigquery']) retrieved from /opt/airflow/dags/etl_dag.py
[2024-08-17T07:03:25.763+0000] {logging_mixin.py:151} INFO - [2024-08-17T07:03:25.762+0000] {dag.py:2915} INFO - Sync 1 DAGs
[2024-08-17T07:03:25.778+0000] {logging_mixin.py:151} INFO - [2024-08-17T07:03:25.778+0000] {dag.py:3696} INFO - Setting next_dagrun for postgres_to_bigquery to None, run_after=None
[2024-08-17T07:03:25.807+0000] {processor.py:179} INFO - Processing /opt/airflow/dags/etl_dag.py took 0.110 seconds
[2024-08-17T07:03:56.024+0000] {processor.py:157} INFO - Started process (PID=360) to work on /opt/airflow/dags/etl_dag.py
[2024-08-17T07:03:56.026+0000] {processor.py:829} INFO - Processing file /opt/airflow/dags/etl_dag.py for tasks to queue
[2024-08-17T07:03:56.029+0000] {logging_mixin.py:151} INFO - [2024-08-17T07:03:56.029+0000] {dagbag.py:539} INFO - Filling up the DagBag from /opt/airflow/dags/etl_dag.py
[2024-08-17T07:03:56.049+0000] {processor.py:839} INFO - DAG(s) dict_keys(['postgres_to_bigquery']) retrieved from /opt/airflow/dags/etl_dag.py
[2024-08-17T07:03:56.071+0000] {logging_mixin.py:151} INFO - [2024-08-17T07:03:56.071+0000] {dag.py:2915} INFO - Sync 1 DAGs
[2024-08-17T07:03:56.078+0000] {logging_mixin.py:151} INFO - [2024-08-17T07:03:56.077+0000] {dag.py:3696} INFO - Setting next_dagrun for postgres_to_bigquery to None, run_after=None
[2024-08-17T07:03:56.086+0000] {processor.py:179} INFO - Processing /opt/airflow/dags/etl_dag.py took 0.067 seconds
[2024-08-17T07:04:26.363+0000] {processor.py:157} INFO - Started process (PID=368) to work on /opt/airflow/dags/etl_dag.py
[2024-08-17T07:04:26.364+0000] {processor.py:829} INFO - Processing file /opt/airflow/dags/etl_dag.py for tasks to queue
[2024-08-17T07:04:26.367+0000] {logging_mixin.py:151} INFO - [2024-08-17T07:04:26.366+0000] {dagbag.py:539} INFO - Filling up the DagBag from /opt/airflow/dags/etl_dag.py
[2024-08-17T07:04:26.381+0000] {processor.py:839} INFO - DAG(s) dict_keys(['postgres_to_bigquery']) retrieved from /opt/airflow/dags/etl_dag.py
[2024-08-17T07:04:26.402+0000] {logging_mixin.py:151} INFO - [2024-08-17T07:04:26.402+0000] {dag.py:2915} INFO - Sync 1 DAGs
[2024-08-17T07:04:26.410+0000] {logging_mixin.py:151} INFO - [2024-08-17T07:04:26.410+0000] {dag.py:3696} INFO - Setting next_dagrun for postgres_to_bigquery to None, run_after=None
[2024-08-17T07:04:26.419+0000] {processor.py:179} INFO - Processing /opt/airflow/dags/etl_dag.py took 0.059 seconds
[2024-08-17T07:04:56.722+0000] {processor.py:157} INFO - Started process (PID=376) to work on /opt/airflow/dags/etl_dag.py
[2024-08-17T07:04:56.723+0000] {processor.py:829} INFO - Processing file /opt/airflow/dags/etl_dag.py for tasks to queue
[2024-08-17T07:04:56.725+0000] {logging_mixin.py:151} INFO - [2024-08-17T07:04:56.725+0000] {dagbag.py:539} INFO - Filling up the DagBag from /opt/airflow/dags/etl_dag.py
[2024-08-17T07:04:56.737+0000] {processor.py:839} INFO - DAG(s) dict_keys(['postgres_to_bigquery']) retrieved from /opt/airflow/dags/etl_dag.py
[2024-08-17T07:04:56.756+0000] {logging_mixin.py:151} INFO - [2024-08-17T07:04:56.756+0000] {dag.py:2915} INFO - Sync 1 DAGs
[2024-08-17T07:04:56.764+0000] {logging_mixin.py:151} INFO - [2024-08-17T07:04:56.764+0000] {dag.py:3696} INFO - Setting next_dagrun for postgres_to_bigquery to None, run_after=None
[2024-08-17T07:04:56.772+0000] {processor.py:179} INFO - Processing /opt/airflow/dags/etl_dag.py took 0.053 seconds
[2024-08-17T07:05:27.057+0000] {processor.py:157} INFO - Started process (PID=384) to work on /opt/airflow/dags/etl_dag.py
[2024-08-17T07:05:27.058+0000] {processor.py:829} INFO - Processing file /opt/airflow/dags/etl_dag.py for tasks to queue
[2024-08-17T07:05:27.061+0000] {logging_mixin.py:151} INFO - [2024-08-17T07:05:27.061+0000] {dagbag.py:539} INFO - Filling up the DagBag from /opt/airflow/dags/etl_dag.py
[2024-08-17T07:05:27.079+0000] {processor.py:839} INFO - DAG(s) dict_keys(['postgres_to_bigquery']) retrieved from /opt/airflow/dags/etl_dag.py
[2024-08-17T07:05:27.101+0000] {logging_mixin.py:151} INFO - [2024-08-17T07:05:27.100+0000] {dag.py:2915} INFO - Sync 1 DAGs
[2024-08-17T07:05:27.110+0000] {logging_mixin.py:151} INFO - [2024-08-17T07:05:27.110+0000] {dag.py:3696} INFO - Setting next_dagrun for postgres_to_bigquery to None, run_after=None
[2024-08-17T07:05:27.119+0000] {processor.py:179} INFO - Processing /opt/airflow/dags/etl_dag.py took 0.067 seconds
