[0m15:01:40.943720 [debug] [MainThread]: Sending event: {'category': 'dbt', 'action': 'invocation', 'label': 'start', 'context': [<snowplow_tracker.self_describing_json.SelfDescribingJson object at 0x104ab9c40>, <snowplow_tracker.self_describing_json.SelfDescribingJson object at 0x1064f8a90>, <snowplow_tracker.self_describing_json.SelfDescribingJson object at 0x1064f83d0>]}


============================== 15:01:40.948558 | f4dc641c-3f97-4e3e-a25f-586d1c02a952 ==============================
[0m15:01:40.948558 [info ] [MainThread]: Running with dbt=1.8.5
[0m15:01:40.948955 [debug] [MainThread]: running dbt with arguments {'printer_width': '80', 'indirect_selection': 'eager', 'log_cache_events': 'False', 'write_json': 'True', 'partial_parse': 'True', 'cache_selected_only': 'False', 'warn_error': 'None', 'fail_fast': 'False', 'version_check': 'True', 'log_path': 'logs', 'debug': 'False', 'profiles_dir': '/Users/sulaimonibrahim/.dbt', 'use_colors': 'True', 'use_experimental_parser': 'False', 'empty': 'None', 'quiet': 'False', 'no_print': 'None', 'log_format': 'default', 'introspect': 'True', 'warn_error_options': 'WarnErrorOptions(include=[], exclude=[])', 'invocation_command': 'dbt init ecommerce_dbt_project', 'target_path': 'None', 'static_parser': 'True', 'send_anonymous_usage_stats': 'True'}
[0m15:01:40.962905 [warn ] [MainThread]: [ConfigFolderDirectory]: Unable to parse dict {'dir': PosixPath('/Users/sulaimonibrahim/.dbt')}
[0m15:01:40.963184 [info ] [MainThread]: Creating dbt configuration folder at 
[0m15:01:40.964384 [debug] [MainThread]: Starter project path: /Users/sulaimonibrahim/Desktop/E-commerce_Project/venv/lib/python3.9/site-packages/dbt/include/starter_project
[0m15:01:40.969490 [info ] [MainThread]: 
Your new dbt project "ecommerce_dbt_project" was created!

For more information on how to configure the profiles.yml file,
please consult the dbt documentation here:

  https://docs.getdbt.com/docs/configure-your-profile

One more thing:

Need help? Don't hesitate to reach out to us via GitHub issues or on Slack:

  https://community.getdbt.com/

Happy modeling!

[0m15:01:40.969715 [info ] [MainThread]: Setting up your profile.
[0m15:21:09.921052 [info ] [MainThread]: Profile ecommerce_dbt_project written to /Users/sulaimonibrahim/.dbt/profiles.yml using target's profile_template.yml and your supplied values. Run 'dbt debug' to validate the connection.
[0m15:21:09.925717 [debug] [MainThread]: Resource report: {"command_name": "init", "command_success": true, "command_wall_clock_time": 1169.0742, "process_user_time": 2.61844, "process_kernel_time": 0.41425, "process_mem_max_rss": "179126272", "process_in_blocks": "0", "process_out_blocks": "0"}
[0m15:21:09.926519 [debug] [MainThread]: Command `dbt init` succeeded at 15:21:09.926405 after 1169.08 seconds
[0m15:21:09.927081 [debug] [MainThread]: Sending event: {'category': 'dbt', 'action': 'invocation', 'label': 'end', 'context': [<snowplow_tracker.self_describing_json.SelfDescribingJson object at 0x104ab9c40>, <snowplow_tracker.self_describing_json.SelfDescribingJson object at 0x10655ab50>, <snowplow_tracker.self_describing_json.SelfDescribingJson object at 0x1064d60a0>]}
[0m15:21:09.927494 [debug] [MainThread]: Flushing usage events
[0m17:51:09.006476 [debug] [MainThread]: Sending event: {'category': 'dbt', 'action': 'invocation', 'label': 'start', 'context': [<snowplow_tracker.self_describing_json.SelfDescribingJson object at 0x106227b20>, <snowplow_tracker.self_describing_json.SelfDescribingJson object at 0x110094250>, <snowplow_tracker.self_describing_json.SelfDescribingJson object at 0x110094d90>]}


============================== 17:51:09.009695 | 7709892a-c583-47c0-8593-f386e479a01e ==============================
[0m17:51:09.009695 [info ] [MainThread]: Running with dbt=1.8.5
[0m17:51:09.010048 [debug] [MainThread]: running dbt with arguments {'printer_width': '80', 'indirect_selection': 'eager', 'write_json': 'True', 'log_cache_events': 'False', 'partial_parse': 'True', 'cache_selected_only': 'False', 'profiles_dir': '/Users/sulaimonibrahim/.dbt', 'fail_fast': 'False', 'warn_error': 'None', 'log_path': 'logs', 'debug': 'False', 'version_check': 'True', 'use_colors': 'True', 'use_experimental_parser': 'False', 'no_print': 'None', 'quiet': 'False', 'empty': 'False', 'warn_error_options': 'WarnErrorOptions(include=[], exclude=[])', 'static_parser': 'True', 'invocation_command': 'dbt run', 'introspect': 'True', 'target_path': 'None', 'log_format': 'default', 'send_anonymous_usage_stats': 'True'}
[0m17:51:09.010410 [error] [MainThread]: Encountered an error:
Runtime Error
  No dbt_project.yml found at expected path /Users/sulaimonibrahim/Desktop/E-commerce_Project/ecommerce_project/dbt_project.yml
  Verify that each entry within packages.yml (and their transitive dependencies) contains a file named dbt_project.yml
  
[0m17:51:09.011896 [debug] [MainThread]: Resource report: {"command_name": "run", "command_wall_clock_time": 0.045472957, "process_user_time": 0.683742, "process_kernel_time": 0.080552, "process_mem_max_rss": "93552640", "command_success": false, "process_in_blocks": "0", "process_out_blocks": "0"}
[0m17:51:09.012262 [debug] [MainThread]: Command `dbt run` failed at 17:51:09.012208 after 0.05 seconds
[0m17:51:09.012474 [debug] [MainThread]: Sending event: {'category': 'dbt', 'action': 'invocation', 'label': 'end', 'context': [<snowplow_tracker.self_describing_json.SelfDescribingJson object at 0x106227b20>, <snowplow_tracker.self_describing_json.SelfDescribingJson object at 0x110094430>, <snowplow_tracker.self_describing_json.SelfDescribingJson object at 0x110094a60>]}
[0m17:51:09.012677 [debug] [MainThread]: Flushing usage events
[0m17:58:01.478257 [debug] [MainThread]: Sending event: {'category': 'dbt', 'action': 'invocation', 'label': 'start', 'context': [<snowplow_tracker.self_describing_json.SelfDescribingJson object at 0x106e75c10>, <snowplow_tracker.self_describing_json.SelfDescribingJson object at 0x1088b0550>, <snowplow_tracker.self_describing_json.SelfDescribingJson object at 0x1088b0b80>]}


============================== 17:58:01.482063 | 29017292-c285-4c15-9a16-f17e1c35afa0 ==============================
[0m17:58:01.482063 [info ] [MainThread]: Running with dbt=1.8.5
[0m17:58:01.482455 [debug] [MainThread]: running dbt with arguments {'printer_width': '80', 'indirect_selection': 'eager', 'write_json': 'True', 'log_cache_events': 'False', 'partial_parse': 'True', 'cache_selected_only': 'False', 'profiles_dir': '/Users/sulaimonibrahim/.dbt', 'version_check': 'True', 'warn_error': 'None', 'log_path': 'logs', 'fail_fast': 'False', 'debug': 'False', 'use_colors': 'True', 'use_experimental_parser': 'False', 'no_print': 'None', 'quiet': 'False', 'empty': 'False', 'warn_error_options': 'WarnErrorOptions(include=[], exclude=[])', 'invocation_command': 'dbt run', 'static_parser': 'True', 'introspect': 'True', 'target_path': 'None', 'log_format': 'default', 'send_anonymous_usage_stats': 'True'}
[0m17:58:01.482789 [error] [MainThread]: Encountered an error:
Runtime Error
  No dbt_project.yml found at expected path /Users/sulaimonibrahim/Desktop/E-commerce_Project/ecommerce_project/dbt_project.yml
  Verify that each entry within packages.yml (and their transitive dependencies) contains a file named dbt_project.yml
  
[0m17:58:01.483658 [debug] [MainThread]: Resource report: {"command_name": "run", "command_wall_clock_time": 0.04275575, "process_user_time": 0.677532, "process_kernel_time": 0.089106, "process_mem_max_rss": "93487104", "command_success": false, "process_in_blocks": "0", "process_out_blocks": "0"}
[0m17:58:01.483999 [debug] [MainThread]: Command `dbt run` failed at 17:58:01.483943 after 0.04 seconds
[0m17:58:01.484217 [debug] [MainThread]: Sending event: {'category': 'dbt', 'action': 'invocation', 'label': 'end', 'context': [<snowplow_tracker.self_describing_json.SelfDescribingJson object at 0x106e75c10>, <snowplow_tracker.self_describing_json.SelfDescribingJson object at 0x108566550>, <snowplow_tracker.self_describing_json.SelfDescribingJson object at 0x1088930a0>]}
[0m17:58:01.484413 [debug] [MainThread]: Flushing usage events
